c:\development\c++\sdltutorials\sdltutorials\debug\vc141.pdb
c:\development\c++\sdltutorials\sdltutorials\debug\vc141.idb
c:\development\c++\sdltutorials\sdltutorials\debug\window.obj
c:\development\c++\sdltutorials\sdltutorials\debug\vector.obj
c:\development\c++\sdltutorials\sdltutorials\debug\uientities.obj
c:\development\c++\sdltutorials\sdltutorials\debug\uicomponents.obj
c:\development\c++\sdltutorials\sdltutorials\debug\timer.obj
c:\development\c++\sdltutorials\sdltutorials\debug\utilities.obj
c:\development\c++\sdltutorials\sdltutorials\debug\tester.obj
c:\development\c++\sdltutorials\sdltutorials\debug\systems.obj
c:\development\c++\sdltutorials\sdltutorials\debug\scene1.obj
c:\development\c++\sdltutorials\sdltutorials\debug\matrix4.obj
c:\development\c++\sdltutorials\sdltutorials\debug\main.obj
c:\development\c++\sdltutorials\sdltutorials\debug\geometry.obj
c:\development\c++\sdltutorials\sdltutorials\debug\gamemanager.obj
c:\development\c++\sdltutorials\sdltutorials\debug\ecs.obj
c:\development\c++\sdltutorials\sdltutorials\debug\collider.obj
c:\development\c++\sdltutorials\sdltutorials\debug\body.obj
c:\development\c++\sdltutorials\debug\sdltutorials.exe
c:\development\c++\sdltutorials\debug\sdltutorials.ilk
c:\development\c++\sdltutorials\debug\sdltutorials.pdb
c:\development\c++\sdltutorials\sdltutorials\debug\sdltutorials.tlog\cl.command.1.tlog
c:\development\c++\sdltutorials\sdltutorials\debug\sdltutorials.tlog\cl.read.1.tlog
c:\development\c++\sdltutorials\sdltutorials\debug\sdltutorials.tlog\cl.write.1.tlog
c:\development\c++\sdltutorials\sdltutorials\debug\sdltutorials.tlog\link.command.1.tlog
c:\development\c++\sdltutorials\sdltutorials\debug\sdltutorials.tlog\link.read.1.tlog
c:\development\c++\sdltutorials\sdltutorials\debug\sdltutorials.tlog\link.write.1.tlog
