d:\development\c++\sdltutorials\bin\win32\debug\vc141.pdb
d:\development\c++\sdltutorials\bin\win32\debug\vc141.idb
d:\development\c++\sdltutorials\bin\win32\debug\window.obj
d:\development\c++\sdltutorials\bin\win32\debug\vector.obj
d:\development\c++\sdltutorials\bin\win32\debug\uientities.obj
d:\development\c++\sdltutorials\bin\win32\debug\uicomponents.obj
d:\development\c++\sdltutorials\bin\win32\debug\timer.obj
d:\development\c++\sdltutorials\bin\win32\debug\utilities.obj
d:\development\c++\sdltutorials\bin\win32\debug\tester.obj
d:\development\c++\sdltutorials\bin\win32\debug\systems.obj
d:\development\c++\sdltutorials\bin\win32\debug\scene1.obj
d:\development\c++\sdltutorials\bin\win32\debug\quaternion.obj
d:\development\c++\sdltutorials\bin\win32\debug\matrix4.obj
d:\development\c++\sdltutorials\bin\win32\debug\main.obj
d:\development\c++\sdltutorials\bin\win32\debug\geometry.obj
d:\development\c++\sdltutorials\bin\win32\debug\gamemanager.obj
d:\development\c++\sdltutorials\bin\win32\debug\ecs.obj
d:\development\c++\sdltutorials\bin\win32\debug\collider.obj
d:\development\c++\sdltutorials\bin\win32\debug\body.obj
d:\development\c++\sdltutorials\builds\win32\debug\sdltutorials.ilk
d:\development\c++\sdltutorials\builds\win32\debug\sdltutorials.exe
d:\development\c++\sdltutorials\builds\win32\debug\sdltutorials.pdb
d:\development\c++\sdltutorials\\builds\win32\debug\sdltutorials.pdb
d:\development\c++\sdltutorials\\builds\win32\debug\sdltutorials.exe
d:\development\c++\sdltutorials\\builds\win32\debug\sdltutorials.ilk
d:\development\c++\sdltutorials\bin\win32\debug\sdltutorials.tlog\cl.command.1.tlog
d:\development\c++\sdltutorials\bin\win32\debug\sdltutorials.tlog\cl.read.1.tlog
d:\development\c++\sdltutorials\bin\win32\debug\sdltutorials.tlog\cl.write.1.tlog
d:\development\c++\sdltutorials\bin\win32\debug\sdltutorials.tlog\link.command.1.tlog
d:\development\c++\sdltutorials\bin\win32\debug\sdltutorials.tlog\link.read.1.tlog
d:\development\c++\sdltutorials\bin\win32\debug\sdltutorials.tlog\link.write.1.tlog
